'CadastroPO';'Erro';'Erro ao criar script - SP_ZPN_PESQUISAOBRA - ERROR [42S22] [Microsoft][ODBC SQL Server Driver][SQL Server]Invalid column name 'U_BPLId'.
ERROR [42S22] [Microsoft][ODBC SQL Server Driver][SQL Server]Invalid column name 'U_CodContrato'.
ERROR [42S22] [Microsoft][ODBC SQL Server Driver][SQL Server]Invalid column name 'U_ClassOb'.
ERROR [42S22] [Microsoft][ODBC SQL Server Driver][SQL Server]Invalid column name 'U_IdSite'.
ERROR [42S22] [Microsoft][ODBC SQL Server Driver][SQL Server]Invalid column name 'U_BplId'.';'System.Exception: ERROR [42S22] [Microsoft][ODBC SQL Server Driver][SQL Server]Invalid column name 'U_BPLId'.
ERROR [42S22] [Microsoft][ODBC SQL Server Driver][SQL Server]Invalid column name 'U_CodContrato'.
ERROR [42S22] [Microsoft][ODBC SQL Server Driver][SQL Server]Invalid column name 'U_ClassOb'.
ERROR [42S22] [Microsoft][ODBC SQL Server Driver][SQL Server]Invalid column name 'U_IdSite'.
ERROR [42S22] [Microsoft][ODBC SQL Server Driver][SQL Server]Invalid column name 'U_BplId'.
   em sap.dev.data.SqlUtils.DoNonQuery(String aSql) na C:\Projetos\SAP\sap.dev.addon\sap.dev.data\SqlUtils.cs:linha 28
   em sap.dev.core.DBUtil.ExecutaScriptSQL(DTOScript dtoHanaSF) na C:\Projetos\SAP\sap.dev.addon\sap.dev.core\Util\DBUtil.cs:linha 15
   em sap.dev.core.Instalar.ExecutarScripts(DTOScript[] Scripts) na C:\Projetos\SAP\sap.dev.addon\sap.dev.core\Instalar.cs:linha 47';'UserName'; System.Exception: ERROR [42000] [Microsoft][ODBC SQL Server Driver][SQL Server]Incorrect syntax near 'U_BPLId'.
   em sap.dev.data.SqlUtils.DoNonQuery(String aSql) na C:\Projetos\SAP\sap.dev.addon\sap.dev.data\SqlUtils.cs:linha 28
   em sap.dev.core.Util.GravarLog(EnumAddOn addOn, TipoMensagem tipoMsg, String mensagem, Exception Ex) na C:\Projetos\SAP\sap.dev.addon\sap.dev.core\Util\Util.cs:linha 83;
'CadastroPO';'Erro';'Erro ao criar script - SP_ZPN_PESQUISAOBRA - ERROR [42S22] [Microsoft][ODBC SQL Server Driver][SQL Server]Invalid column name 'U_BPLId'.
ERROR [42S22] [Microsoft][ODBC SQL Server Driver][SQL Server]Invalid column name 'U_CodContrato'.
ERROR [42S22] [Microsoft][ODBC SQL Server Driver][SQL Server]Invalid column name 'U_ClassOb'.
ERROR [42S22] [Microsoft][ODBC SQL Server Driver][SQL Server]Invalid column name 'U_IdSite'.
ERROR [42S22] [Microsoft][ODBC SQL Server Driver][SQL Server]Invalid column name 'U_BplId'.';'System.Exception: ERROR [42S22] [Microsoft][ODBC SQL Server Driver][SQL Server]Invalid column name 'U_BPLId'.
ERROR [42S22] [Microsoft][ODBC SQL Server Driver][SQL Server]Invalid column name 'U_CodContrato'.
ERROR [42S22] [Microsoft][ODBC SQL Server Driver][SQL Server]Invalid column name 'U_ClassOb'.
ERROR [42S22] [Microsoft][ODBC SQL Server Driver][SQL Server]Invalid column name 'U_IdSite'.
ERROR [42S22] [Microsoft][ODBC SQL Server Driver][SQL Server]Invalid column name 'U_BplId'.
   em sap.dev.data.SqlUtils.DoNonQuery(String aSql) na C:\Projetos\SAP\sap.dev.addon\sap.dev.data\SqlUtils.cs:linha 28
   em sap.dev.core.DBUtil.ExecutaScriptSQL(DTOScript dtoHanaSF) na C:\Projetos\SAP\sap.dev.addon\sap.dev.core\Util\DBUtil.cs:linha 15
   em sap.dev.core.Instalar.ExecutarScripts(DTOScript[] Scripts) na C:\Projetos\SAP\sap.dev.addon\sap.dev.core\Instalar.cs:linha 47';'UserName'; System.Exception: ERROR [42000] [Microsoft][ODBC SQL Server Driver][SQL Server]Incorrect syntax near 'U_BPLId'.
   em sap.dev.data.SqlUtils.DoNonQuery(String aSql) na C:\Projetos\SAP\sap.dev.addon\sap.dev.data\SqlUtils.cs:linha 28
   em sap.dev.core.Util.GravarLog(EnumAddOn addOn, TipoMensagem tipoMsg, String mensagem, Exception Ex) na C:\Projetos\SAP\sap.dev.addon\sap.dev.core\Util\Util.cs:linha 83;
'CadastroPO';'Erro';'Erro ao criar script - SP_ZPN_PESQUISAOBRA - ERROR [42000] [Microsoft][ODBC SQL Server Driver][SQL Server]Incorrect syntax near ';'.';'System.Exception: ERROR [42000] [Microsoft][ODBC SQL Server Driver][SQL Server]Incorrect syntax near ';'.
   em sap.dev.data.SqlUtils.DoNonQuery(String aSql) na C:\Projetos\SAP\sap.dev.addon\sap.dev.data\SqlUtils.cs:linha 28
   em sap.dev.core.DBUtil.ExecutaScriptSQL(DTOScript dtoHanaSF) na C:\Projetos\SAP\sap.dev.addon\sap.dev.core\Util\DBUtil.cs:linha 15
   em sap.dev.core.Instalar.ExecutarScripts(DTOScript[] Scripts) na C:\Projetos\SAP\sap.dev.addon\sap.dev.core\Instalar.cs:linha 47';'UserName'; System.Exception: ERROR [42000] [Microsoft][ODBC SQL Server Driver][SQL Server]Incorrect syntax near '.'.
   em sap.dev.data.SqlUtils.DoNonQuery(String aSql) na C:\Projetos\SAP\sap.dev.addon\sap.dev.data\SqlUtils.cs:linha 28
   em sap.dev.core.Util.GravarLog(EnumAddOn addOn, TipoMensagem tipoMsg, String mensagem, Exception Ex) na C:\Projetos\SAP\sap.dev.addon\sap.dev.core\Util\Util.cs:linha 83;
'CadastroPO';'Erro';'Erro ao pesquisar dados: ERROR [42000] [Microsoft][ODBC SQL Server Driver][SQL Server]Could not find stored procedure 'SP_ZPN_PESQUISAOBRA'.';'System.Data.Odbc.OdbcException (0x80131937): ERROR [42000] [Microsoft][ODBC SQL Server Driver][SQL Server]Could not find stored procedure 'SP_ZPN_PESQUISAOBRA'.
   em System.Data.Odbc.OdbcConnection.HandleError(OdbcHandle hrHandle, RetCode retcode)
   em System.Data.Odbc.OdbcCommand.ExecuteReaderObject(CommandBehavior behavior, String method, Boolean needReader, Object[] methodArguments, SQL_API odbcApiMethod)
   em System.Data.Odbc.OdbcCommand.ExecuteReaderObject(CommandBehavior behavior, String method, Boolean needReader)
   em System.Data.Odbc.OdbcCommand.ExecuteReader(CommandBehavior behavior)
   em sap.dev.data.SqlUtils.ExecuteCommand(String commandoSQL) na C:\Projetos\SAP\sap.dev.addon\sap.dev.data\SqlUtils.cs:linha 115
   em Zopone.AddOn.PO.View.PO.FrmPesquisa.CarregarDadosPesquisa() na C:\Projetos\SAP\sap.dev.addon\PO\POSapB1\Zopone.AddOn.PO\View\PO\FrmPesquisa.cs:linha 55';'UserName'; System.Exception: ERROR [42000] [Microsoft][ODBC SQL Server Driver][SQL Server]Incorrect syntax near 'SP_ZPN_PESQUISAOBRA'.
   em sap.dev.data.SqlUtils.DoNonQuery(String aSql) na C:\Projetos\SAP\sap.dev.addon\sap.dev.data\SqlUtils.cs:linha 28
   em sap.dev.core.Util.GravarLog(EnumAddOn addOn, TipoMensagem tipoMsg, String mensagem, Exception Ex) na C:\Projetos\SAP\sap.dev.addon\sap.dev.core\Util\Util.cs:linha 83;
'CadastroPO';'Erro';'Erro ao pesquisar dados: ERROR [42000] [Microsoft][ODBC SQL Server Driver][SQL Server]Could not find stored procedure 'SP_ZPN_PESQUISAOBRA'.';'System.Data.Odbc.OdbcException (0x80131937): ERROR [42000] [Microsoft][ODBC SQL Server Driver][SQL Server]Could not find stored procedure 'SP_ZPN_PESQUISAOBRA'.
   em System.Data.Odbc.OdbcConnection.HandleError(OdbcHandle hrHandle, RetCode retcode)
   em System.Data.Odbc.OdbcCommand.ExecuteReaderObject(CommandBehavior behavior, String method, Boolean needReader, Object[] methodArguments, SQL_API odbcApiMethod)
   em System.Data.Odbc.OdbcCommand.ExecuteReaderObject(CommandBehavior behavior, String method, Boolean needReader)
   em System.Data.Odbc.OdbcCommand.ExecuteReader(CommandBehavior behavior)
   em sap.dev.data.SqlUtils.ExecuteCommand(String commandoSQL) na C:\Projetos\SAP\sap.dev.addon\sap.dev.data\SqlUtils.cs:linha 115
   em Zopone.AddOn.PO.View.PO.FrmPesquisa.CarregarDadosPesquisa() na C:\Projetos\SAP\sap.dev.addon\PO\POSapB1\Zopone.AddOn.PO\View\PO\FrmPesquisa.cs:linha 55';'UserName'; System.Exception: ERROR [42000] [Microsoft][ODBC SQL Server Driver][SQL Server]Incorrect syntax near 'SP_ZPN_PESQUISAOBRA'.
   em sap.dev.data.SqlUtils.DoNonQuery(String aSql) na C:\Projetos\SAP\sap.dev.addon\sap.dev.data\SqlUtils.cs:linha 28
   em sap.dev.core.Util.GravarLog(EnumAddOn addOn, TipoMensagem tipoMsg, String mensagem, Exception Ex) na C:\Projetos\SAP\sap.dev.addon\sap.dev.core\Util\Util.cs:linha 83;
'CadastroPO';'Erro';'Erro ao criar script - SP_ZPN_PESQUISAOBRACANDIDATO - ERROR [42S22] [Microsoft][ODBC SQL Server Driver][SQL Server]Invalid column name 'U_BPLId'.
ERROR [42S22] [Microsoft][ODBC SQL Server Driver][SQL Server]Invalid column name 'U_CodContrato'.
ERROR [42S22] [Microsoft][ODBC SQL Server Driver][SQL Server]Invalid column name 'U_ClassOb'.
ERROR [42S22] [Microsoft][ODBC SQL Server Driver][SQL Server]Invalid column name 'U_IdSite'.';'System.Exception: ERROR [42S22] [Microsoft][ODBC SQL Server Driver][SQL Server]Invalid column name 'U_BPLId'.
ERROR [42S22] [Microsoft][ODBC SQL Server Driver][SQL Server]Invalid column name 'U_CodContrato'.
ERROR [42S22] [Microsoft][ODBC SQL Server Driver][SQL Server]Invalid column name 'U_ClassOb'.
ERROR [42S22] [Microsoft][ODBC SQL Server Driver][SQL Server]Invalid column name 'U_IdSite'.
   em sap.dev.data.SqlUtils.DoNonQuery(String aSql) na C:\Projetos\SAP\sap.dev.addon\sap.dev.data\SqlUtils.cs:linha 28
   em sap.dev.core.DBUtil.ExecutaScriptSQL(DTOScript dtoHanaSF) na C:\Projetos\SAP\sap.dev.addon\sap.dev.core\Util\DBUtil.cs:linha 15
   em sap.dev.core.Instalar.ExecutarScripts(DTOScript[] Scripts) na C:\Projetos\SAP\sap.dev.addon\sap.dev.core\Instalar.cs:linha 47';'UserName'; System.Exception: ERROR [42000] [Microsoft][ODBC SQL Server Driver][SQL Server]Incorrect syntax near 'U_BPLId'.
   em sap.dev.data.SqlUtils.DoNonQuery(String aSql) na C:\Projetos\SAP\sap.dev.addon\sap.dev.data\SqlUtils.cs:linha 28
   em sap.dev.core.Util.GravarLog(EnumAddOn addOn, TipoMensagem tipoMsg, String mensagem, Exception Ex) na C:\Projetos\SAP\sap.dev.addon\sap.dev.core\Util\Util.cs:linha 83;
'CadastroPO';'Erro';'Erro ao criar script - ZPN_SP_GERAPROJETOTABELAB1 - ERROR [42S02] [Microsoft][ODBC SQL Server Driver][SQL Server]Invalid object name 'ZPN_SP_GeraProjetoTabelaB1'.';'System.Exception: ERROR [42S02] [Microsoft][ODBC SQL Server Driver][SQL Server]Invalid object name 'ZPN_SP_GeraProjetoTabelaB1'.
   em sap.dev.data.SqlUtils.DoNonQuery(String aSql) na C:\Projetos\SAP\sap.dev.addon\sap.dev.data\SqlUtils.cs:linha 28
   em sap.dev.core.DBUtil.ExecutaScriptSQL(DTOScript dtoHanaSF) na C:\Projetos\SAP\sap.dev.addon\sap.dev.core\Util\DBUtil.cs:linha 15
   em sap.dev.core.Instalar.ExecutarScripts(DTOScript[] Scripts) na C:\Projetos\SAP\sap.dev.addon\sap.dev.core\Instalar.cs:linha 47';'UserName'; System.Exception: ERROR [42000] [Microsoft][ODBC SQL Server Driver][SQL Server]Incorrect syntax near 'ZPN_SP_GeraProjetoTabelaB1'.
   em sap.dev.data.SqlUtils.DoNonQuery(String aSql) na C:\Projetos\SAP\sap.dev.addon\sap.dev.data\SqlUtils.cs:linha 28
   em sap.dev.core.Util.GravarLog(EnumAddOn addOn, TipoMensagem tipoMsg, String mensagem, Exception Ex) na C:\Projetos\SAP\sap.dev.addon\sap.dev.core\Util\Util.cs:linha 83;
