'GestaoContratos';'Erro';'ERROR [42000] [Microsoft][ODBC SQL Server Driver][SQL Server]Incorrect syntax near 'T1'.';'System.Data.Odbc.OdbcException (0x80131937): ERROR [42000] [Microsoft][ODBC SQL Server Driver][SQL Server]Incorrect syntax near 'T1'.
   em System.Data.Odbc.OdbcConnection.HandleError(OdbcHandle hrHandle, RetCode retcode)
   em System.Data.Odbc.OdbcCommand.ExecuteReaderObject(CommandBehavior behavior, String method, Boolean needReader, Object[] methodArguments, SQL_API odbcApiMethod)
   em System.Data.Odbc.OdbcCommand.ExecuteReaderObject(CommandBehavior behavior, String method, Boolean needReader)
   em System.Data.Odbc.OdbcCommand.ExecuteReader(CommandBehavior behavior)
   em sap.dev.data.SqlUtils.ExecuteCommand(String commandoSQL) na C:\Users\thiago.martins\source\repos\sap.dev.addon\sap.dev.data\SqlUtils.cs:linha 149
   em Zopone.AddOn.PO.View.Obra.FrmObra.<EnviarDadosSeniorAsync>d__187.MoveNext() na C:\Users\thiago.martins\source\repos\PO_SAP\POSapB1\Zopone.AddOn.PO\View\Obra\FrmObra.cs:linha 621';'UserName'; System.Exception: ERROR [42000] [Microsoft][ODBC SQL Server Driver][SQL Server]Incorrect syntax near 'T1'.
   em sap.dev.data.SqlUtils.DoNonQuery(String aSql) na C:\Users\thiago.martins\source\repos\sap.dev.addon\sap.dev.data\SqlUtils.cs:linha 58
   em sap.dev.core.Util.GravarLog(EnumAddOn addOn, TipoMensagem tipoMsg, String mensagem, Exception Ex) na C:\Users\thiago.martins\source\repos\sap.dev.addon\sap.dev.core\Util\Util.cs:linha 88;
'GestaoContratos';'Erro';'ERROR [42000] [Microsoft][ODBC SQL Server Driver][SQL Server]Incorrect syntax near 'T1'.';'System.Data.Odbc.OdbcException (0x80131937): ERROR [42000] [Microsoft][ODBC SQL Server Driver][SQL Server]Incorrect syntax near 'T1'.
   em System.Data.Odbc.OdbcConnection.HandleError(OdbcHandle hrHandle, RetCode retcode)
   em System.Data.Odbc.OdbcCommand.ExecuteReaderObject(CommandBehavior behavior, String method, Boolean needReader, Object[] methodArguments, SQL_API odbcApiMethod)
   em System.Data.Odbc.OdbcCommand.ExecuteReaderObject(CommandBehavior behavior, String method, Boolean needReader)
   em System.Data.Odbc.OdbcCommand.ExecuteReader(CommandBehavior behavior)
   em sap.dev.data.SqlUtils.ExecuteCommand(String commandoSQL) na C:\Users\thiago.martins\source\repos\sap.dev.addon\sap.dev.data\SqlUtils.cs:linha 149
   em Zopone.AddOn.PO.View.Obra.FrmObra.<EnviarDadosSeniorAsync>d__187.MoveNext() na C:\Users\thiago.martins\source\repos\PO_SAP\POSapB1\Zopone.AddOn.PO\View\Obra\FrmObra.cs:linha 621';'UserName'; System.Exception: ERROR [42000] [Microsoft][ODBC SQL Server Driver][SQL Server]Incorrect syntax near 'T1'.
   em sap.dev.data.SqlUtils.DoNonQuery(String aSql) na C:\Users\thiago.martins\source\repos\sap.dev.addon\sap.dev.data\SqlUtils.cs:linha 58
   em sap.dev.core.Util.GravarLog(EnumAddOn addOn, TipoMensagem tipoMsg, String mensagem, Exception Ex) na C:\Users\thiago.martins\source\repos\sap.dev.addon\sap.dev.core\Util\Util.cs:linha 88;
'GestaoContratos';'Erro';'ERROR [42000] [Microsoft][ODBC SQL Server Driver][SQL Server]Incorrect syntax near 'T1'.';'System.Data.Odbc.OdbcException (0x80131937): ERROR [42000] [Microsoft][ODBC SQL Server Driver][SQL Server]Incorrect syntax near 'T1'.
   em System.Data.Odbc.OdbcConnection.HandleError(OdbcHandle hrHandle, RetCode retcode)
   em System.Data.Odbc.OdbcCommand.ExecuteReaderObject(CommandBehavior behavior, String method, Boolean needReader, Object[] methodArguments, SQL_API odbcApiMethod)
   em System.Data.Odbc.OdbcCommand.ExecuteReaderObject(CommandBehavior behavior, String method, Boolean needReader)
   em System.Data.Odbc.OdbcCommand.ExecuteReader(CommandBehavior behavior)
   em sap.dev.data.SqlUtils.ExecuteCommand(String commandoSQL) na C:\Users\thiago.martins\source\repos\sap.dev.addon\sap.dev.data\SqlUtils.cs:linha 149
   em Zopone.AddOn.PO.View.Obra.FrmObra.<EnviarDadosSeniorAsync>d__187.MoveNext() na C:\Users\thiago.martins\source\repos\PO_SAP\POSapB1\Zopone.AddOn.PO\View\Obra\FrmObra.cs:linha 621';'UserName'; System.Exception: ERROR [42000] [Microsoft][ODBC SQL Server Driver][SQL Server]Incorrect syntax near 'T1'.
   em sap.dev.data.SqlUtils.DoNonQuery(String aSql) na C:\Users\thiago.martins\source\repos\sap.dev.addon\sap.dev.data\SqlUtils.cs:linha 58
   em sap.dev.core.Util.GravarLog(EnumAddOn addOn, TipoMensagem tipoMsg, String mensagem, Exception Ex) na C:\Users\thiago.martins\source\repos\sap.dev.addon\sap.dev.core\Util\Util.cs:linha 88;
'GestaoContratos';'Erro';'Falha na chamada de sistema. (Exceção de HRESULT: 0x80010100 (RPC_E_SYS_CALL_FAILED))';'System.Runtime.InteropServices.COMException (0x80010100): Falha na chamada de sistema. (Exceção de HRESULT: 0x80010100 (RPC_E_SYS_CALL_FAILED))
   em SAPbouiCOM.ApplicationClass.get_Forms()
   em Zopone.AddOn.PO.View.Obra.FrmObra.<EnviarDadosSeniorAsync>d__187.MoveNext() na C:\Users\thiago.martins\source\repos\PO_SAP\POSapB1\Zopone.AddOn.PO\View\Obra\FrmObra.cs:linha 619';'UserName'; System.Runtime.InteropServices.COMException (0x80010100): Falha na chamada de sistema. (Exceção de HRESULT: 0x80010100 (RPC_E_SYS_CALL_FAILED))
   em SAPbobsCOM.ICompany.get_UserName()
   em sap.dev.core.Util.GravarLog(EnumAddOn addOn, TipoMensagem tipoMsg, String mensagem, Exception Ex) na C:\Users\thiago.martins\source\repos\sap.dev.addon\sap.dev.core\Util\Util.cs:linha 85;
