'CadastroPO';'Erro';'Erro ao criar script - SP_ZPN_IMPORTARPOERICSSONITENS - ERROR [42S02] [Microsoft][ODBC SQL Server Driver][SQL Server]Invalid object name 'SP_ZPN_IMPORTARPOERICSSONItens'.';'System.Exception: ERROR [42S02] [Microsoft][ODBC SQL Server Driver][SQL Server]Invalid object name 'SP_ZPN_IMPORTARPOERICSSONItens'.
   em sap.dev.data.SqlUtils.DoNonQuery(String aSql) na C:\Projetos\SAP\sap.dev.addon\sap.dev.data\SqlUtils.cs:linha 55
   em sap.dev.core.DBUtil.ExecutaScriptSQL(DTOScript dtoHanaSF) na C:\Projetos\SAP\sap.dev.addon\sap.dev.core\Util\DBUtil.cs:linha 15
   em sap.dev.core.Instalar.ExecutarScripts(DTOScript[] Scripts) na C:\Projetos\SAP\sap.dev.addon\sap.dev.core\Instalar.cs:linha 47';'UserName'; System.Exception: ERROR [42000] [Microsoft][ODBC SQL Server Driver][SQL Server]Incorrect syntax near 'SP_ZPN_IMPORTARPOERICSSONItens'.
   em sap.dev.data.SqlUtils.DoNonQuery(String aSql) na C:\Projetos\SAP\sap.dev.addon\sap.dev.data\SqlUtils.cs:linha 55
   em sap.dev.core.Util.GravarLog(EnumAddOn addOn, TipoMensagem tipoMsg, String mensagem, Exception Ex) na C:\Projetos\SAP\sap.dev.addon\sap.dev.core\Util\Util.cs:linha 84;
'CadastroPO';'Erro';'Erro ao criar script - SP_ZPN_PESQUISAETAPA - ERROR [42S22] [Microsoft][ODBC SQL Server Driver][SQL Server]Invalid column name 'U_ItemCode'.
ERROR [42S22] [Microsoft][ODBC SQL Server Driver][SQL Server]Invalid column name 'U_ItemName'.
ERROR [42S22] [Microsoft][ODBC SQL Server Driver][SQL Server]Invalid column name 'U_ItemCode'.
ERROR [42S22] [Microsoft][ODBC SQL Server Driver][SQL Server]Invalid column name 'U_ItemName'.';'System.Exception: ERROR [42S22] [Microsoft][ODBC SQL Server Driver][SQL Server]Invalid column name 'U_ItemCode'.
ERROR [42S22] [Microsoft][ODBC SQL Server Driver][SQL Server]Invalid column name 'U_ItemName'.
ERROR [42S22] [Microsoft][ODBC SQL Server Driver][SQL Server]Invalid column name 'U_ItemCode'.
ERROR [42S22] [Microsoft][ODBC SQL Server Driver][SQL Server]Invalid column name 'U_ItemName'.
   em sap.dev.data.SqlUtils.DoNonQuery(String aSql) na C:\Projetos\SAP\sap.dev.addon\sap.dev.data\SqlUtils.cs:linha 55
   em sap.dev.core.DBUtil.ExecutaScriptSQL(DTOScript dtoHanaSF) na C:\Projetos\SAP\sap.dev.addon\sap.dev.core\Util\DBUtil.cs:linha 15
   em sap.dev.core.Instalar.ExecutarScripts(DTOScript[] Scripts) na C:\Projetos\SAP\sap.dev.addon\sap.dev.core\Instalar.cs:linha 47';'UserName'; System.Exception: ERROR [42000] [Microsoft][ODBC SQL Server Driver][SQL Server]Incorrect syntax near 'U_ItemCode'.
   em sap.dev.data.SqlUtils.DoNonQuery(String aSql) na C:\Projetos\SAP\sap.dev.addon\sap.dev.data\SqlUtils.cs:linha 55
   em sap.dev.core.Util.GravarLog(EnumAddOn addOn, TipoMensagem tipoMsg, String mensagem, Exception Ex) na C:\Projetos\SAP\sap.dev.addon\sap.dev.core\Util\Util.cs:linha 84;
'CadastroPO';'Erro';'Erro ao criar script - SP_ZPN_IMPORTARPOHUAWEI - ERROR [42S01] [Microsoft][ODBC SQL Server Driver][SQL Server]There is already an object named 'SP_ZPN_IMPORTARPOHuaweiItens' in the database.';'System.Exception: ERROR [42S01] [Microsoft][ODBC SQL Server Driver][SQL Server]There is already an object named 'SP_ZPN_IMPORTARPOHuaweiItens' in the database.
   em sap.dev.data.SqlUtils.DoNonQuery(String aSql) na C:\Projetos\SAP\sap.dev.addon\sap.dev.data\SqlUtils.cs:linha 55
   em sap.dev.core.DBUtil.ExecutaScriptSQL(DTOScript dtoHanaSF) na C:\Projetos\SAP\sap.dev.addon\sap.dev.core\Util\DBUtil.cs:linha 15
   em sap.dev.core.Instalar.ExecutarScripts(DTOScript[] Scripts) na C:\Projetos\SAP\sap.dev.addon\sap.dev.core\Instalar.cs:linha 47';'UserName'; System.Exception: ERROR [42000] [Microsoft][ODBC SQL Server Driver][SQL Server]Incorrect syntax near 'SP_ZPN_IMPORTARPOHuaweiItens'.
   em sap.dev.data.SqlUtils.DoNonQuery(String aSql) na C:\Projetos\SAP\sap.dev.addon\sap.dev.data\SqlUtils.cs:linha 55
   em sap.dev.core.Util.GravarLog(EnumAddOn addOn, TipoMensagem tipoMsg, String mensagem, Exception Ex) na C:\Projetos\SAP\sap.dev.addon\sap.dev.core\Util\Util.cs:linha 84;
'CadastroPO';'Erro';'Erro ao criar script - SP_ZPN_IMPORTARPOHUAWEI - ERROR [42000] [Microsoft][ODBC SQL Server Driver][SQL Server]Incorrect syntax near 'DESC'.';'System.Exception: ERROR [42000] [Microsoft][ODBC SQL Server Driver][SQL Server]Incorrect syntax near 'DESC'.
   em sap.dev.data.SqlUtils.DoNonQuery(String aSql) na C:\Projetos\SAP\sap.dev.addon\sap.dev.data\SqlUtils.cs:linha 55
   em sap.dev.core.DBUtil.ExecutaScriptSQL(DTOScript dtoHanaSF) na C:\Projetos\SAP\sap.dev.addon\sap.dev.core\Util\DBUtil.cs:linha 15
   em sap.dev.core.Instalar.ExecutarScripts(DTOScript[] Scripts) na C:\Projetos\SAP\sap.dev.addon\sap.dev.core\Instalar.cs:linha 47';'UserName'; System.Exception: ERROR [42000] [Microsoft][ODBC SQL Server Driver][SQL Server]Incorrect syntax near the keyword 'DESC'.
   em sap.dev.data.SqlUtils.DoNonQuery(String aSql) na C:\Projetos\SAP\sap.dev.addon\sap.dev.data\SqlUtils.cs:linha 55
   em sap.dev.core.Util.GravarLog(EnumAddOn addOn, TipoMensagem tipoMsg, String mensagem, Exception Ex) na C:\Projetos\SAP\sap.dev.addon\sap.dev.core\Util\Util.cs:linha 84;
