'CadastroPO';'Erro';'Erro ao pesquisar dados: ERROR [42000] [Microsoft][ODBC SQL Server Driver][SQL Server]Procedure or function 'SP_ZPN_PESQUISAOBRA' expects parameter '@CampoPesquisa', which was not supplied.';'System.Data.Odbc.OdbcException (0x80131937): ERROR [42000] [Microsoft][ODBC SQL Server Driver][SQL Server]Procedure or function 'SP_ZPN_PESQUISAOBRA' expects parameter '@CampoPesquisa', which was not supplied.
   em System.Data.Odbc.OdbcConnection.HandleError(OdbcHandle hrHandle, RetCode retcode)
   em System.Data.Odbc.OdbcCommand.ExecuteReaderObject(CommandBehavior behavior, String method, Boolean needReader, Object[] methodArguments, SQL_API odbcApiMethod)
   em System.Data.Odbc.OdbcCommand.ExecuteReaderObject(CommandBehavior behavior, String method, Boolean needReader)
   em System.Data.Odbc.OdbcCommand.ExecuteReader(CommandBehavior behavior)
   em System.Data.Common.DbDataAdapter.FillInternal(DataSet dataset, DataTable[] datatables, Int32 startRecord, Int32 maxRecords, String srcTable, IDbCommand command, CommandBehavior behavior)
   em System.Data.Common.DbDataAdapter.Fill(DataTable[] dataTables, Int32 startRecord, Int32 maxRecords, IDbCommand command, CommandBehavior behavior)
   em System.Data.Common.DbDataAdapter.Fill(DataTable dataTable)
   em sap.dev.data.SqlUtils.ExecuteStoredProcedure(String storedProcedureName, OdbcParameter[] parameters) na C:\Projetos\SAP\sap.dev.addon\sap.dev.data\SqlUtils.cs:linha 166
   em Zopone.AddOn.PO.View.PO.FrmPesquisa.CarregarDadosPesquisa() na C:\Projetos\SAP\sap.dev.addon\PO\POSapB1\Zopone.AddOn.PO\View\PO\FrmPesquisa.cs:linha 59';'UserName'; System.Exception: ERROR [42000] [Microsoft][ODBC SQL Server Driver][SQL Server]Incorrect syntax near 'SP_ZPN_PESQUISAOBRA'.
   em sap.dev.data.SqlUtils.DoNonQuery(String aSql) na C:\Projetos\SAP\sap.dev.addon\sap.dev.data\SqlUtils.cs:linha 28
   em sap.dev.core.Util.GravarLog(EnumAddOn addOn, TipoMensagem tipoMsg, String mensagem, Exception Ex) na C:\Projetos\SAP\sap.dev.addon\sap.dev.core\Util\Util.cs:linha 83;
'CadastroPO';'Erro';'Erro ao pesquisar dados: ERROR [42000] [Microsoft][ODBC SQL Server Driver][SQL Server]Procedure or function 'SP_ZPN_PESQUISAOBRA' expects parameter '@CampoPesquisa', which was not supplied.';'System.Data.Odbc.OdbcException (0x80131937): ERROR [42000] [Microsoft][ODBC SQL Server Driver][SQL Server]Procedure or function 'SP_ZPN_PESQUISAOBRA' expects parameter '@CampoPesquisa', which was not supplied.
   em System.Data.Odbc.OdbcConnection.HandleError(OdbcHandle hrHandle, RetCode retcode)
   em System.Data.Odbc.OdbcCommand.ExecuteReaderObject(CommandBehavior behavior, String method, Boolean needReader, Object[] methodArguments, SQL_API odbcApiMethod)
   em System.Data.Odbc.OdbcCommand.ExecuteReaderObject(CommandBehavior behavior, String method, Boolean needReader)
   em System.Data.Odbc.OdbcCommand.ExecuteReader(CommandBehavior behavior)
   em System.Data.Common.DbDataAdapter.FillInternal(DataSet dataset, DataTable[] datatables, Int32 startRecord, Int32 maxRecords, String srcTable, IDbCommand command, CommandBehavior behavior)
   em System.Data.Common.DbDataAdapter.Fill(DataTable[] dataTables, Int32 startRecord, Int32 maxRecords, IDbCommand command, CommandBehavior behavior)
   em System.Data.Common.DbDataAdapter.Fill(DataTable dataTable)
   em sap.dev.data.SqlUtils.ExecuteStoredProcedure(String storedProcedureName, OdbcParameter[] parameters) na C:\Projetos\SAP\sap.dev.addon\sap.dev.data\SqlUtils.cs:linha 166
   em Zopone.AddOn.PO.View.PO.FrmPesquisa.CarregarDadosPesquisa() na C:\Projetos\SAP\sap.dev.addon\PO\POSapB1\Zopone.AddOn.PO\View\PO\FrmPesquisa.cs:linha 59';'UserName'; System.Exception: ERROR [42000] [Microsoft][ODBC SQL Server Driver][SQL Server]Incorrect syntax near 'SP_ZPN_PESQUISAOBRA'.
   em sap.dev.data.SqlUtils.DoNonQuery(String aSql) na C:\Projetos\SAP\sap.dev.addon\sap.dev.data\SqlUtils.cs:linha 28
   em sap.dev.core.Util.GravarLog(EnumAddOn addOn, TipoMensagem tipoMsg, String mensagem, Exception Ex) na C:\Projetos\SAP\sap.dev.addon\sap.dev.core\Util\Util.cs:linha 83;
'CadastroPO';'Erro';'Erro ao pesquisar dados: ERROR [42000] [Microsoft][ODBC SQL Server Driver][SQL Server]Procedure or function 'SP_ZPN_PESQUISAOBRA' expects parameter '@CampoPesquisa', which was not supplied.';'System.Data.Odbc.OdbcException (0x80131937): ERROR [42000] [Microsoft][ODBC SQL Server Driver][SQL Server]Procedure or function 'SP_ZPN_PESQUISAOBRA' expects parameter '@CampoPesquisa', which was not supplied.
   em System.Data.Odbc.OdbcConnection.HandleError(OdbcHandle hrHandle, RetCode retcode)
   em System.Data.Odbc.OdbcCommand.ExecuteReaderObject(CommandBehavior behavior, String method, Boolean needReader, Object[] methodArguments, SQL_API odbcApiMethod)
   em System.Data.Odbc.OdbcCommand.ExecuteReaderObject(CommandBehavior behavior, String method, Boolean needReader)
   em System.Data.Odbc.OdbcCommand.ExecuteReader(CommandBehavior behavior)
   em sap.dev.data.SqlUtils.ExecuteStoredProcedure(String storedProcedureName, OdbcParameter[] parameters) na C:\Projetos\SAP\sap.dev.addon\sap.dev.data\SqlUtils.cs:linha 166
   em Zopone.AddOn.PO.View.PO.FrmPesquisa.CarregarDadosPesquisa() na C:\Projetos\SAP\sap.dev.addon\PO\POSapB1\Zopone.AddOn.PO\View\PO\FrmPesquisa.cs:linha 59';'UserName'; System.Exception: ERROR [42000] [Microsoft][ODBC SQL Server Driver][SQL Server]Incorrect syntax near 'SP_ZPN_PESQUISAOBRA'.
   em sap.dev.data.SqlUtils.DoNonQuery(String aSql) na C:\Projetos\SAP\sap.dev.addon\sap.dev.data\SqlUtils.cs:linha 28
   em sap.dev.core.Util.GravarLog(EnumAddOn addOn, TipoMensagem tipoMsg, String mensagem, Exception Ex) na C:\Projetos\SAP\sap.dev.addon\sap.dev.core\Util\Util.cs:linha 83;
'CadastroPO';'Erro';'Erro ao pesquisar dados: ERROR [42000] [Microsoft][ODBC SQL Server Driver][SQL Server]Procedure or function 'SP_ZPN_PESQUISAOBRA' expects parameter '@CampoPesquisa', which was not supplied.';'System.Data.Odbc.OdbcException (0x80131937): ERROR [42000] [Microsoft][ODBC SQL Server Driver][SQL Server]Procedure or function 'SP_ZPN_PESQUISAOBRA' expects parameter '@CampoPesquisa', which was not supplied.
   em System.Data.Odbc.OdbcConnection.HandleError(OdbcHandle hrHandle, RetCode retcode)
   em System.Data.Odbc.OdbcCommand.ExecuteReaderObject(CommandBehavior behavior, String method, Boolean needReader, Object[] methodArguments, SQL_API odbcApiMethod)
   em System.Data.Odbc.OdbcCommand.ExecuteReaderObject(CommandBehavior behavior, String method, Boolean needReader)
   em System.Data.Odbc.OdbcCommand.ExecuteReader(CommandBehavior behavior)
   em sap.dev.data.SqlUtils.ExecuteStoredProcedure(String storedProcedureName, OdbcParameter[] parameters) na C:\Projetos\SAP\sap.dev.addon\sap.dev.data\SqlUtils.cs:linha 166
   em Zopone.AddOn.PO.View.PO.FrmPesquisa.CarregarDadosPesquisa() na C:\Projetos\SAP\sap.dev.addon\PO\POSapB1\Zopone.AddOn.PO\View\PO\FrmPesquisa.cs:linha 53';'UserName'; System.Exception: ERROR [42000] [Microsoft][ODBC SQL Server Driver][SQL Server]Incorrect syntax near 'SP_ZPN_PESQUISAOBRA'.
   em sap.dev.data.SqlUtils.DoNonQuery(String aSql) na C:\Projetos\SAP\sap.dev.addon\sap.dev.data\SqlUtils.cs:linha 28
   em sap.dev.core.Util.GravarLog(EnumAddOn addOn, TipoMensagem tipoMsg, String mensagem, Exception Ex) na C:\Projetos\SAP\sap.dev.addon\sap.dev.core\Util\Util.cs:linha 83;
