'CadastroPO';'Erro';'Erro ao criar script - SP_ZPN_IMPORTARPOHUAWEI - ERROR [42000] [Microsoft][ODBC SQL Server Driver][SQL Server]Incorrect syntax near 'DESC'.';'System.Exception: ERROR [42000] [Microsoft][ODBC SQL Server Driver][SQL Server]Incorrect syntax near 'DESC'.
   em sap.dev.data.SqlUtils.DoNonQuery(String aSql) na C:\Projetos\SAP\sap.dev.addon\sap.dev.data\SqlUtils.cs:linha 55
   em sap.dev.core.DBUtil.ExecutaScriptSQL(DTOScript dtoHanaSF) na C:\Projetos\SAP\sap.dev.addon\sap.dev.core\Util\DBUtil.cs:linha 15
   em sap.dev.core.Instalar.ExecutarScripts(DTOScript[] Scripts) na C:\Projetos\SAP\sap.dev.addon\sap.dev.core\Instalar.cs:linha 47';'UserName'; System.Exception: ERROR [42000] [Microsoft][ODBC SQL Server Driver][SQL Server]Incorrect syntax near the keyword 'DESC'.
   em sap.dev.data.SqlUtils.DoNonQuery(String aSql) na C:\Projetos\SAP\sap.dev.addon\sap.dev.data\SqlUtils.cs:linha 55
   em sap.dev.core.Util.GravarLog(EnumAddOn addOn, TipoMensagem tipoMsg, String mensagem, Exception Ex) na C:\Projetos\SAP\sap.dev.addon\sap.dev.core\Util\Util.cs:linha 84;
'CadastroPO';'Erro';'Erro ao criar script - ZPN_SP_LISTAPEDIDOSGERARPREFATURAMENTO - ERROR [42000] [Microsoft][ODBC SQL Server Driver][SQL Server]Incorrect syntax near the keyword 'procedure'.
ERROR [42000] [Microsoft][ODBC SQL Server Driver][SQL Server]Must declare the scalar variable "@NumAtCard".';'System.Exception: ERROR [42000] [Microsoft][ODBC SQL Server Driver][SQL Server]Incorrect syntax near the keyword 'procedure'.
ERROR [42000] [Microsoft][ODBC SQL Server Driver][SQL Server]Must declare the scalar variable "@NumAtCard".
   em sap.dev.data.SqlUtils.DoNonQuery(String aSql) na C:\Projetos\SAP\sap.dev.addon\sap.dev.data\SqlUtils.cs:linha 55
   em sap.dev.core.DBUtil.ExecutaScriptSQL(DTOScript dtoHanaSF) na C:\Projetos\SAP\sap.dev.addon\sap.dev.core\Util\DBUtil.cs:linha 15
   em sap.dev.core.Instalar.ExecutarScripts(DTOScript[] Scripts) na C:\Projetos\SAP\sap.dev.addon\sap.dev.core\Instalar.cs:linha 47';'UserName'; System.Exception: ERROR [42000] [Microsoft][ODBC SQL Server Driver][SQL Server]Incorrect syntax near the keyword 'procedure'.
   em sap.dev.data.SqlUtils.DoNonQuery(String aSql) na C:\Projetos\SAP\sap.dev.addon\sap.dev.data\SqlUtils.cs:linha 55
   em sap.dev.core.Util.GravarLog(EnumAddOn addOn, TipoMensagem tipoMsg, String mensagem, Exception Ex) na C:\Projetos\SAP\sap.dev.addon\sap.dev.core\Util\Util.cs:linha 84;
'CadastroPO';'Erro';'Erro ao criar script - ZPN_SEQ_CANDIDATO - ERROR [42000] [Microsoft][ODBC SQL Server Driver][SQL Server]Incorrect syntax near 'GO'.';'System.Exception: ERROR [42000] [Microsoft][ODBC SQL Server Driver][SQL Server]Incorrect syntax near 'GO'.
   em sap.dev.data.SqlUtils.DoNonQuery(String aSql) na C:\Projetos\SAP\sap.dev.addon\sap.dev.data\SqlUtils.cs:linha 55
   em sap.dev.core.DBUtil.ExecutaScriptSQL(DTOScript dtoHanaSF) na C:\Projetos\SAP\sap.dev.addon\sap.dev.core\Util\DBUtil.cs:linha 15
   em sap.dev.core.Instalar.ExecutarScripts(DTOScript[] Scripts) na C:\Projetos\SAP\sap.dev.addon\sap.dev.core\Instalar.cs:linha 47';'UserName'; System.Exception: ERROR [42000] [Microsoft][ODBC SQL Server Driver][SQL Server]Incorrect syntax near 'GO'.
   em sap.dev.data.SqlUtils.DoNonQuery(String aSql) na C:\Projetos\SAP\sap.dev.addon\sap.dev.data\SqlUtils.cs:linha 55
   em sap.dev.core.Util.GravarLog(EnumAddOn addOn, TipoMensagem tipoMsg, String mensagem, Exception Ex) na C:\Projetos\SAP\sap.dev.addon\sap.dev.core\Util\Util.cs:linha 84;
'CadastroPO';'Erro';'Erro ao criar script - ZPN_SP_PCI_ENVIACONTASRECEBER - ERROR [42S01] [Microsoft][ODBC SQL Server Driver][SQL Server]There is already an object named 'ZPN_SP_PCI_ENVIACONTASRECEBERPAGAMENTO' in the database.';'System.Exception: ERROR [42S01] [Microsoft][ODBC SQL Server Driver][SQL Server]There is already an object named 'ZPN_SP_PCI_ENVIACONTASRECEBERPAGAMENTO' in the database.
   em sap.dev.data.SqlUtils.DoNonQuery(String aSql) na C:\Projetos\SAP\sap.dev.addon\sap.dev.data\SqlUtils.cs:linha 55
   em sap.dev.core.DBUtil.ExecutaScriptSQL(DTOScript dtoHanaSF) na C:\Projetos\SAP\sap.dev.addon\sap.dev.core\Util\DBUtil.cs:linha 21
   em sap.dev.core.Instalar.ExecutarScripts(DTOScript[] Scripts) na C:\Projetos\SAP\sap.dev.addon\sap.dev.core\Instalar.cs:linha 47';'UserName'; System.Exception: ERROR [42000] [Microsoft][ODBC SQL Server Driver][SQL Server]Incorrect syntax near 'ZPN_SP_PCI_ENVIACONTASRECEBERPAGAMENTO'.
   em sap.dev.data.SqlUtils.DoNonQuery(String aSql) na C:\Projetos\SAP\sap.dev.addon\sap.dev.data\SqlUtils.cs:linha 55
   em sap.dev.core.Util.GravarLog(EnumAddOn addOn, TipoMensagem tipoMsg, String mensagem, Exception Ex) na C:\Projetos\SAP\sap.dev.addon\sap.dev.core\Util\Util.cs:linha 84;
