'CadastroPO';'Erro';'Erro ao carregar dados importação PO - ERROR [22003] [Microsoft][ODBC SQL Server Driver][SQL Server]The conversion of the nvarchar value '4530745101' overflowed an int column.';'System.Data.Odbc.OdbcException (0x80131937): ERROR [22003] [Microsoft][ODBC SQL Server Driver][SQL Server]The conversion of the nvarchar value '4530745101' overflowed an int column.
   em System.Data.Odbc.OdbcConnection.HandleError(OdbcHandle hrHandle, RetCode retcode)
   em System.Data.Odbc.OdbcCommand.ExecuteReaderObject(CommandBehavior behavior, String method, Boolean needReader, Object[] methodArguments, SQL_API odbcApiMethod)
   em System.Data.Odbc.OdbcCommand.ExecuteReaderObject(CommandBehavior behavior, String method, Boolean needReader)
   em System.Data.Odbc.OdbcCommand.ExecuteReader(CommandBehavior behavior)
   em sap.dev.data.SqlUtils.ExecuteCommand(String commandoSQL) na C:\Projetos\SAP\sap.dev.addon\sap.dev.data\SqlUtils.cs:linha 115
   em Zopone.AddOn.PO.View.PO.FrmVerificaImportacaoPO.PesquisarDados() na C:\Projetos\SAP\sap.dev.addon\PO\POSapB1\Zopone.AddOn.PO\View\PO\FrmVerificaImportacaoPO.cs:linha 60';'UserName'; System.Exception: ERROR [42000] [Microsoft][ODBC SQL Server Driver][SQL Server]Incorrect syntax near '4530745101'.
   em sap.dev.data.SqlUtils.DoNonQuery(String aSql) na C:\Projetos\SAP\sap.dev.addon\sap.dev.data\SqlUtils.cs:linha 28
   em sap.dev.core.Util.GravarLog(EnumAddOn addOn, TipoMensagem tipoMsg, String mensagem, Exception Ex) na C:\Projetos\SAP\sap.dev.addon\sap.dev.core\Util\Util.cs:linha 84;
'CadastroPO';'Erro';'Erro ao carregar dados importação PO - ERROR [22003] [Microsoft][ODBC SQL Server Driver][SQL Server]The conversion of the nvarchar value '4530745101' overflowed an int column.';'System.Data.Odbc.OdbcException (0x80131937): ERROR [22003] [Microsoft][ODBC SQL Server Driver][SQL Server]The conversion of the nvarchar value '4530745101' overflowed an int column.
   em System.Data.Odbc.OdbcConnection.HandleError(OdbcHandle hrHandle, RetCode retcode)
   em System.Data.Odbc.OdbcCommand.ExecuteReaderObject(CommandBehavior behavior, String method, Boolean needReader, Object[] methodArguments, SQL_API odbcApiMethod)
   em System.Data.Odbc.OdbcCommand.ExecuteReaderObject(CommandBehavior behavior, String method, Boolean needReader)
   em System.Data.Odbc.OdbcCommand.ExecuteReader(CommandBehavior behavior)
   em sap.dev.data.SqlUtils.ExecuteCommand(String commandoSQL) na C:\Projetos\SAP\sap.dev.addon\sap.dev.data\SqlUtils.cs:linha 115
   em Zopone.AddOn.PO.View.PO.FrmVerificaImportacaoPO.PesquisarDados() na C:\Projetos\SAP\sap.dev.addon\PO\POSapB1\Zopone.AddOn.PO\View\PO\FrmVerificaImportacaoPO.cs:linha 60';'UserName'; System.Exception: ERROR [42000] [Microsoft][ODBC SQL Server Driver][SQL Server]Incorrect syntax near '4530745101'.
   em sap.dev.data.SqlUtils.DoNonQuery(String aSql) na C:\Projetos\SAP\sap.dev.addon\sap.dev.data\SqlUtils.cs:linha 28
   em sap.dev.core.Util.GravarLog(EnumAddOn addOn, TipoMensagem tipoMsg, String mensagem, Exception Ex) na C:\Projetos\SAP\sap.dev.addon\sap.dev.core\Util\Util.cs:linha 84;
'CadastroPO';'Erro';'Erro ao carregar dados importação PO - ERROR [22003] [Microsoft][ODBC SQL Server Driver][SQL Server]The conversion of the nvarchar value '4530745101' overflowed an int column.';'System.Data.Odbc.OdbcException (0x80131937): ERROR [22003] [Microsoft][ODBC SQL Server Driver][SQL Server]The conversion of the nvarchar value '4530745101' overflowed an int column.
   em System.Data.Odbc.OdbcConnection.HandleError(OdbcHandle hrHandle, RetCode retcode)
   em System.Data.Odbc.OdbcCommand.ExecuteReaderObject(CommandBehavior behavior, String method, Boolean needReader, Object[] methodArguments, SQL_API odbcApiMethod)
   em System.Data.Odbc.OdbcCommand.ExecuteReaderObject(CommandBehavior behavior, String method, Boolean needReader)
   em System.Data.Odbc.OdbcCommand.ExecuteReader(CommandBehavior behavior)
   em sap.dev.data.SqlUtils.ExecuteCommand(String commandoSQL) na C:\Projetos\SAP\sap.dev.addon\sap.dev.data\SqlUtils.cs:linha 115
   em Zopone.AddOn.PO.View.PO.FrmVerificaImportacaoPO.PesquisarDados() na C:\Projetos\SAP\sap.dev.addon\PO\POSapB1\Zopone.AddOn.PO\View\PO\FrmVerificaImportacaoPO.cs:linha 60';'UserName'; System.Exception: ERROR [42000] [Microsoft][ODBC SQL Server Driver][SQL Server]Incorrect syntax near '4530745101'.
   em sap.dev.data.SqlUtils.DoNonQuery(String aSql) na C:\Projetos\SAP\sap.dev.addon\sap.dev.data\SqlUtils.cs:linha 28
   em sap.dev.core.Util.GravarLog(EnumAddOn addOn, TipoMensagem tipoMsg, String mensagem, Exception Ex) na C:\Projetos\SAP\sap.dev.addon\sap.dev.core\Util\Util.cs:linha 84;
'CadastroPO';'Erro';'Erro ao carregar dados importação PO - ERROR [22003] [Microsoft][ODBC SQL Server Driver][SQL Server]The conversion of the nvarchar value '4530745101' overflowed an int column.';'System.Data.Odbc.OdbcException (0x80131937): ERROR [22003] [Microsoft][ODBC SQL Server Driver][SQL Server]The conversion of the nvarchar value '4530745101' overflowed an int column.
   em System.Data.Odbc.OdbcConnection.HandleError(OdbcHandle hrHandle, RetCode retcode)
   em System.Data.Odbc.OdbcCommand.ExecuteReaderObject(CommandBehavior behavior, String method, Boolean needReader, Object[] methodArguments, SQL_API odbcApiMethod)
   em System.Data.Odbc.OdbcCommand.ExecuteReaderObject(CommandBehavior behavior, String method, Boolean needReader)
   em System.Data.Odbc.OdbcCommand.ExecuteReader(CommandBehavior behavior)
   em sap.dev.data.SqlUtils.ExecuteCommand(String commandoSQL) na C:\Projetos\SAP\sap.dev.addon\sap.dev.data\SqlUtils.cs:linha 115
   em Zopone.AddOn.PO.View.PO.FrmVerificaImportacaoPO.PesquisarDados()';'UserName'; System.Exception: ERROR [42000] [Microsoft][ODBC SQL Server Driver][SQL Server]Incorrect syntax near '4530745101'.
   em sap.dev.data.SqlUtils.DoNonQuery(String aSql) na C:\Projetos\SAP\sap.dev.addon\sap.dev.data\SqlUtils.cs:linha 28
   em sap.dev.core.Util.GravarLog(EnumAddOn addOn, TipoMensagem tipoMsg, String mensagem, Exception Ex) na C:\Projetos\SAP\sap.dev.addon\sap.dev.core\Util\Util.cs:linha 84;
